<?xml version="1.0" encoding="UTF-8"?>
<testng-results ignored="0" total="1" passed="1" failed="0" skipped="0">
  <reporter-output>
    <line>
      <![CDATA[AppURL: https://magnus.jalatechnologies.com/]]>
    </line>
    <line>
      <![CDATA[opening chrome browser]]>
    </line>
    <line>
      <![CDATA[pass]]>
    </line>
  </reporter-output>
  <suite started-at="2023-03-05T17:14:28 IST" name="Default suite" finished-at="2023-03-05T17:14:42 IST" duration-ms="14214">
    <groups>
    </groups>
    <test started-at="2023-03-05T17:14:28 IST" name="Default test" finished-at="2023-03-05T17:14:42 IST" duration-ms="14214">
      <class name="script.ForgotPassword">
        <test-method is-config="true" signature="openApp()[pri:0, instance:script.ForgotPassword@313ac989]" started-at="2023-03-05T17:14:28 IST" name="openApp" finished-at="2023-03-05T17:14:41 IST" duration-ms="13427" status="PASS">
          <reporter-output>
            <line>
              <![CDATA[AppURL: https://magnus.jalatechnologies.com/]]>
            </line>
            <line>
              <![CDATA[opening chrome browser]]>
            </line>
          </reporter-output>
        </test-method> <!-- openApp -->
        <test-method signature="clickFrtPass()[pri:0, instance:script.ForgotPassword@313ac989]" started-at="2023-03-05T17:14:41 IST" name="clickFrtPass" finished-at="2023-03-05T17:14:42 IST" duration-ms="409" status="PASS">
          <reporter-output>
            <line>
              <![CDATA[pass]]>
            </line>
          </reporter-output>
        </test-method> <!-- clickFrtPass -->
        <test-method is-config="true" signature="closeApp()[pri:0, instance:script.ForgotPassword@313ac989]" started-at="2023-03-05T17:14:42 IST" name="closeApp" finished-at="2023-03-05T17:14:42 IST" duration-ms="348" status="PASS">
          <reporter-output>
          </reporter-output>
        </test-method> <!-- closeApp -->
      </class> <!-- script.ForgotPassword -->
    </test> <!-- Default test -->
  </suite> <!-- Default suite -->
</testng-results>
